guanasfiresflutter/build/app/intermediates/manifest_merge_blame_file/debug/manifest-merger-blame-debug-report.txt
1<?xml version="1.0" encoding="utf-8"?>
2<manifest xmlns:android="http://schemas.android.com/apk/res/android"
3    package="com.anthony_kelin.guanasfires"
4    android:versionCode="1"
5    android:versionName="1.0.0" >
6
7    <uses-sdk
8        android:minSdkVersion="16"
9        android:targetSdkVersion="28" />
10    <!--
11         Flutter needs it to communicate with the running application
12         to allow setting breakpoints, to provide hot reload, etc.
13    -->
14    <uses-permission android:name="android.permission.INTERNET" />
14-->src/debug/AndroidManifest.xml:6:5-66
14-->src/debug/AndroidManifest.xml:6:22-64
15    <!--
16     io.flutter.app.FlutterApplication is an android.app.Application that
17         calls FlutterMain.startInitialization(this); in its onCreate method.
18         In most cases you can leave this as-is, but you if you want to provide
19         additional functionality it is fine to subclass or reimplement
20         FlutterApplication and put your custom class here.
21    -->
22    <application
22-->src/main/AndroidManifest.xml:8:5-46:19
23        android:name="io.flutter.app.FlutterApplication"
23-->src/main/AndroidManifest.xml:9:9-57
24        android:appComponentFactory="androidx.core.app.CoreComponentFactory"
24-->[androidx.core:core:1.1.0] AndroidManifest.xml:24:18-86
25        android:debuggable="true"
26        android:icon="@mipmap/ic_launcher"
26-->src/main/AndroidManifest.xml:11:9-43
27        android:label="guanasfires" >
27-->src/main/AndroidManifest.xml:10:9-36
28        <activity
28-->src/main/AndroidManifest.xml:12:9-40:20
29            android:name="com.anthony_kelin.guanasfires.MainActivity"
29-->src/main/AndroidManifest.xml:13:13-41
30            android:configChanges="orientation|keyboardHidden|keyboard|screenSize|smallestScreenSize|locale|layoutDirection|fontScale|screenLayout|density|uiMode"
30-->src/main/AndroidManifest.xml:16:13-163
31            android:hardwareAccelerated="true"
31-->src/main/AndroidManifest.xml:17:13-47
32            android:launchMode="singleTop"
32-->src/main/AndroidManifest.xml:14:13-43
33            android:theme="@style/LaunchTheme"
33-->src/main/AndroidManifest.xml:15:13-47
34            android:windowSoftInputMode="adjustResize" >
34-->src/main/AndroidManifest.xml:18:13-55
35
36            <!--
37                 Specifies an Android theme to apply to this Activity as soon as
38                 the Android process has started. This theme is visible to the user
39                 while the Flutter UI initializes. After that, this theme continues
40                 to determine the Window background behind the Flutter UI.
41            -->
42            <meta-data
42-->src/main/AndroidManifest.xml:23:13-26:17
43                android:name="io.flutter.embedding.android.NormalTheme"
43-->src/main/AndroidManifest.xml:24:15-70
44                android:resource="@style/NormalTheme" />
44-->src/main/AndroidManifest.xml:25:15-52
45            <!--
46                 Displays an Android View that continues showing the launch screen
47                 Drawable until Flutter paints its first frame, then this splash
48                 screen fades out. A splash screen is useful to avoid any visual
49                 gap between the end of Android's launch screen and the painting of
50                 Flutter's first frame.
51            -->
52            <meta-data
52-->src/main/AndroidManifest.xml:32:13-35:17
53                android:name="io.flutter.embedding.android.SplashScreenDrawable"
53-->src/main/AndroidManifest.xml:33:15-79
54                android:resource="@drawable/launch_background" />
54-->src/main/AndroidManifest.xml:34:15-61
55
56            <intent-filter>
56-->src/main/AndroidManifest.xml:36:13-39:29
57                <action android:name="android.intent.action.MAIN" />
57-->src/main/AndroidManifest.xml:37:17-68
57-->src/main/AndroidManifest.xml:37:25-66
58
59                <category android:name="android.intent.category.LAUNCHER" />
59-->src/main/AndroidManifest.xml:38:17-76
59-->src/main/AndroidManifest.xml:38:27-74
60            </intent-filter>
61        </activity>
62        <!--
63             Don't delete the meta-data below.
64             This is used by the Flutter tool to generate GeneratedPluginRegistrant.java
65        -->
66        <meta-data
66-->src/main/AndroidManifest.xml:43:9-45:33
67            android:name="flutterEmbedding"
67-->src/main/AndroidManifest.xml:44:13-44
68            android:value="2" />
68-->src/main/AndroidManifest.xml:45:13-30
69
70        <service
70-->[:firebase_auth] AndroidManifest.xml:8:9-12:19
71            android:name="com.google.firebase.components.ComponentDiscoveryService"
71-->[:firebase_auth] AndroidManifest.xml:8:18-89
72            android:directBootAware="true"
72-->[com.google.firebase:firebase-common:19.3.0] AndroidManifest.xml:34:13-43
73            android:exported="false" >
73-->[com.google.firebase:firebase-auth:19.2.0] AndroidManifest.xml:35:13-37
74            <meta-data
74-->[:firebase_auth] AndroidManifest.xml:9:13-11:85
75                android:name="com.google.firebase.components:io.flutter.plugins.firebaseauth.FlutterFirebaseAppRegistrar"
75-->[:firebase_auth] AndroidManifest.xml:10:17-122
76                android:value="com.google.firebase.components.ComponentRegistrar" />
76-->[:firebase_auth] AndroidManifest.xml:11:17-82
77            <meta-data
77-->[:firebase_core] AndroidManifest.xml:9:13-11:85
78                android:name="com.google.firebase.components:io.flutter.plugins.firebase.core.FlutterFirebaseAppRegistrar"
78-->[:firebase_core] AndroidManifest.xml:10:17-123
79                android:value="com.google.firebase.components.ComponentRegistrar" />
79-->[:firebase_core] AndroidManifest.xml:11:17-82
80            <meta-data
80-->[com.google.firebase:firebase-auth:19.2.0] AndroidManifest.xml:36:13-38:85
81                android:name="com.google.firebase.components:com.google.firebase.auth.FirebaseAuthRegistrar"
81-->[com.google.firebase:firebase-auth:19.2.0] AndroidManifest.xml:37:17-109
82                android:value="com.google.firebase.components.ComponentRegistrar" />
82-->[com.google.firebase:firebase-auth:19.2.0] AndroidManifest.xml:38:17-82
83        </service>
84
85        <activity
85-->[com.google.firebase:firebase-auth:19.2.0] AndroidManifest.xml:24:9-31:50
86            android:name="com.google.firebase.auth.internal.FederatedSignInActivity"
86-->[com.google.firebase:firebase-auth:19.2.0] AndroidManifest.xml:25:13-85
87            android:excludeFromRecents="true"
87-->[com.google.firebase:firebase-auth:19.2.0] AndroidManifest.xml:26:13-46
88            android:exported="true"
88-->[com.google.firebase:firebase-auth:19.2.0] AndroidManifest.xml:27:13-36
89            android:launchMode="singleTask"
89-->[com.google.firebase:firebase-auth:19.2.0] AndroidManifest.xml:28:13-44
90            android:permission="com.google.firebase.auth.api.gms.permission.LAUNCH_FEDERATED_SIGN_IN"
90-->[com.google.firebase:firebase-auth:19.2.0] AndroidManifest.xml:29:13-102
91            android:theme="@android:style/Theme.Translucent.NoTitleBar" />
91-->[com.google.firebase:firebase-auth:19.2.0] AndroidManifest.xml:30:13-72
92        <activity
92-->[com.google.android.gms:play-services-auth:16.0.1] AndroidManifest.xml:23:9-27:75
93            android:name="com.google.android.gms.auth.api.signin.internal.SignInHubActivity"
93-->[com.google.android.gms:play-services-auth:16.0.1] AndroidManifest.xml:24:13-93
94            android:excludeFromRecents="true"
94-->[com.google.android.gms:play-services-auth:16.0.1] AndroidManifest.xml:25:13-46
95            android:exported="false"
95-->[com.google.android.gms:play-services-auth:16.0.1] AndroidManifest.xml:26:13-37
96            android:theme="@android:style/Theme.Translucent.NoTitleBar" />
96-->[com.google.android.gms:play-services-auth:16.0.1] AndroidManifest.xml:27:13-72
97        <!--
98            Service handling Google Sign-In user revocation. For apps that do not integrate with
99            Google Sign-In, this service will never be started.
100        -->
101        <service
101-->[com.google.android.gms:play-services-auth:16.0.1] AndroidManifest.xml:33:9-36:110
102            android:name="com.google.android.gms.auth.api.signin.RevocationBoundService"
102-->[com.google.android.gms:play-services-auth:16.0.1] AndroidManifest.xml:34:13-89
103            android:exported="true"
103-->[com.google.android.gms:play-services-auth:16.0.1] AndroidManifest.xml:35:13-36
104            android:permission="com.google.android.gms.auth.api.signin.permission.REVOCATION_NOTIFICATION" />
104-->[com.google.android.gms:play-services-auth:16.0.1] AndroidManifest.xml:36:13-107
105
106        <activity
106-->[com.google.android.gms:play-services-base:17.1.0] AndroidManifest.xml:23:9-26:75
107            android:name="com.google.android.gms.common.api.GoogleApiActivity"
107-->[com.google.android.gms:play-services-base:17.1.0] AndroidManifest.xml:24:13-79
108            android:exported="false"
108-->[com.google.android.gms:play-services-base:17.1.0] AndroidManifest.xml:25:13-37
109            android:theme="@android:style/Theme.Translucent.NoTitleBar" />
109-->[com.google.android.gms:play-services-base:17.1.0] AndroidManifest.xml:26:13-72
110
111        <provider
111-->[com.google.firebase:firebase-common:19.3.0] AndroidManifest.xml:26:9-30:39
112            android:name="com.google.firebase.provider.FirebaseInitProvider"
112-->[com.google.firebase:firebase-common:19.3.0] AndroidManifest.xml:27:13-77
113            android:authorities="com.anthony_kelin.guanasfires.firebaseinitprovider"
113-->[com.google.firebase:firebase-common:19.3.0] AndroidManifest.xml:28:13-72
114            android:exported="false"
114-->[com.google.firebase:firebase-common:19.3.0] AndroidManifest.xml:29:13-37
115            android:initOrder="100" />
115-->[com.google.firebase:firebase-common:19.3.0] AndroidManifest.xml:30:13-36
116
117        <meta-data
117-->[com.google.android.gms:play-services-basement:17.0.0] AndroidManifest.xml:23:9-25:69
118            android:name="com.google.android.gms.version"
118-->[com.google.android.gms:play-services-basement:17.0.0] AndroidManifest.xml:24:13-58
119            android:value="@integer/google_play_services_version" />
119-->[com.google.android.gms:play-services-basement:17.0.0] AndroidManifest.xml:25:13-66
120    </application>
121
122</manifest>